<?xml version="1.0" encoding="UTF-8"?>
<!-- Generated by org.testng.reporters.JUnitReportReporter -->
<testsuite skipped="0" hostname="LAPTOP-5UTAUSDH" name="com.cast.ContactsTest.Contact" tests="3" failures="0" timestamp="2021-09-21T16:57:11 IST" time="0.019" errors="0">
  <testcase name="createContactWithOrgTest" time="0.002" classname="com.cast.ContactsTest.Contact"/>
  <system-out/>
  <testcase name="createContactTest" time="0.013" classname="com.cast.ContactsTest.Contact"/>
  <system-out/>
  <testcase name="deletContactTest" time="0.004" classname="com.cast.ContactsTest.Contact"/>
  <system-out/>
</testsuite> <!-- com.cast.ContactsTest.Contact -->
